Enter no. of vertices: 8
Enter no. of adjescent vertices of vertex 0:2
Enter adjescent vertices of vertex 0:1 4 
Enter no. of adjescent vertices of vertex 1:2
Enter adjescent vertices of vertex 1:0 5 
Enter no. of adjescent vertices of vertex 2:3
Enter adjescent vertices of vertex 2:3 5 6 
Enter no. of adjescent vertices of vertex 3:3
Enter adjescent vertices of vertex 3:2 6 7 
Enter no. of adjescent vertices of vertex 4:1
Enter adjescent vertices of vertex 4:0 
Enter no. of adjescent vertices of vertex 5:3
Enter adjescent vertices of vertex 5:1 2 6 
Enter no. of adjescent vertices of vertex 6:4
Enter adjescent vertices of vertex 6:2 3 5 7 
Enter no. of adjescent vertices of vertex 7:2
Enter adjescent vertices of vertex 7:3 6 
Enter source vertex:1

path from source vertex 1 to vertex 0: 1->0
path from source vertex 1 to vertex 1: 1
path from source vertex 1 to vertex 2: 1->5->2
path from source vertex 1 to vertex 3: 1->5->2->3
path from source vertex 1 to vertex 4: 1->0->4
path from source vertex 1 to vertex 5: 1->5
path from source vertex 1 to vertex 6: 1->5->6
path from source vertex 1 to vertex 7: 1->5->6->7
